<?xml version="1.0" encoding="UTF-8"?>
<!-- Generated by org.testng.reporters.JUnitReportReporter -->
<testsuite hostname="Num30-PC" name="rm.testScript.HelloWorld" tests="1" failures="0" timestamp="6 Apr 2016 07:50:27 GMT" time="0.000" errors="0">
  <testcase name="f" time="0.000" classname="rm.testScript.HelloWorld"/>
</testsuite> <!-- rm.testScript.HelloWorld -->
