<?xml version="1.0" encoding="UTF-8"?>
<!-- Generated by org.testng.reporters.JUnitReportReporter -->
<testsuite hostname="Num30-PC" name="rm.testScript.LoginRM" tests="1" failures="0" timestamp="5 Apr 2016 09:01:40 GMT" time="69.870" errors="0">
  <testcase name="loginRM" time="69.870" classname="rm.testScript.LoginRM"/>
</testsuite> <!-- rm.testScript.LoginRM -->
