<?xml version="1.0" encoding="UTF-8"?>
<!-- Generated by org.testng.reporters.JUnitReportReporter -->
<testsuite hostname="Num30-PC" name="rm.testScript.LoginRM" tests="1" failures="0" timestamp="8 Apr 2016 03:16:54 GMT" time="84.075" errors="0">
  <testcase name="loginRM" time="84.075" classname="rm.testScript.LoginRM"/>
</testsuite> <!-- rm.testScript.LoginRM -->
