<?xml version="1.0" encoding="UTF-8"?>
<!-- Generated by org.testng.reporters.JUnitReportReporter -->
<testsuite hostname="Num30-PC" name="rm.testScript.HelloWorld" tests="1" failures="0" timestamp="7 Apr 2016 09:18:19 GMT" time="10.510" errors="0">
  <testcase name="helloWorld" time="10.510" classname="rm.testScript.HelloWorld"/>
</testsuite> <!-- rm.testScript.HelloWorld -->
