<?xml version="1.0" encoding="UTF-8"?>
<!-- Generated by org.testng.reporters.JUnitReportReporter -->
<testsuite hostname="Num30-PC" name="rm.testScript.LoginRM" tests="1" failures="0" timestamp="6 Apr 2016 08:54:03 GMT" time="62.363" errors="0">
  <testcase name="loginRM" time="62.363" classname="rm.testScript.LoginRM"/>
</testsuite> <!-- rm.testScript.LoginRM -->
