<?xml version="1.0" encoding="UTF-8"?>
<!-- Generated by org.testng.reporters.JUnitReportReporter -->
<testsuite hostname="Num30-PC" name="rm.testScript.HelloWorld" tests="1" failures="0" timestamp="8 Apr 2016 03:16:54 GMT" time="15.369" errors="0">
  <testcase name="helloWorld" time="15.369" classname="rm.testScript.HelloWorld"/>
</testsuite> <!-- rm.testScript.HelloWorld -->
