<?xml version="1.0" encoding="UTF-8"?>
<!-- Generated by org.testng.reporters.JUnitReportReporter -->
<testsuite hostname="Num30-PC" name="rm.testScript.LoginRM" tests="1" failures="0" timestamp="7 Apr 2016 09:18:19 GMT" time="41.874" errors="0">
  <testcase name="loginRM" time="41.874" classname="rm.testScript.LoginRM"/>
</testsuite> <!-- rm.testScript.LoginRM -->
